{
  "RSpec": {
    "coverage": {
      "/home/teacher-droid/thp/clean/Immotep_API/spec/models/housing_spec.rb": {
        "lines": [
          1,
          null,
          1,
          null,
          1,
          7,
          7,
          7,
          7,
          null,
          1,
          1,
          1,
          null,
          null,
          1,
          1,
          1,
          null,
          null,
          1,
          4,
          4,
          4,
          null,
          1,
          1,
          1,
          null,
          null,
          1,
          1,
          1,
          null,
          null,
          1,
          1,
          1,
          null,
          null,
          null,
          1,
          1,
          null,
          null,
          null
        ]
      },
      "/home/teacher-droid/thp/clean/Immotep_API/spec/rails_helper.rb": {
        "lines": [
          null,
          1,
          1,
          1,
          null,
          1,
          1,
          null,
          null,
          1,
          1,
          1,
          null,
          null,
          null,
          null,
          null,
          null,
          null,
          null,
          null,
          null,
          null,
          null,
          null,
          null,
          null,
          null,
          null,
          null,
          null,
          1,
          null,
          0,
          0,
          null,
          1,
          null,
          1,
          1,
          null,
          null,
          null,
          1,
          1,
          null,
          null,
          null,
          null,
          null,
          null,
          null,
          null,
          null,
          null,
          null,
          null,
          null,
          null,
          null,
          null,
          1,
          null,
          null,
          1,
          null,
          null,
          null
        ]
      },
      "/home/teacher-droid/thp/clean/Immotep_API/config/environment.rb": {
        "lines": [
          null,
          1,
          null,
          null,
          1,
          null,
          1,
          null,
          null,
          null,
          null,
          null,
          null,
          null,
          null
        ]
      },
      "/home/teacher-droid/thp/clean/Immotep_API/config/application.rb": {
        "lines": [
          1,
          null,
          1,
          null,
          null,
          null,
          1,
          null,
          1,
          1,
          null,
          1,
          null,
          1,
          null,
          1,
          null,
          1,
          null,
          null,
          null,
          null,
          null,
          null,
          null,
          null,
          null,
          null,
          null,
          null,
          1,
          null,
          null,
          null
        ]
      },
      "/home/teacher-droid/thp/clean/Immotep_API/config/boot.rb": {
        "lines": [
          1,
          null,
          1,
          1
        ]
      },
      "/home/teacher-droid/thp/clean/Immotep_API/config/environments/test.rb": {
        "lines": [
          1,
          null,
          null,
          null,
          null,
          null,
          null,
          1,
          null,
          null,
          null,
          1,
          null,
          null,
          null,
          null,
          1,
          null,
          null,
          1,
          1,
          null,
          null,
          null,
          null,
          1,
          1,
          1,
          null,
          null,
          1,
          null,
          null,
          1,
          null,
          null,
          1,
          null,
          1,
          null,
          null,
          null,
          null,
          1,
          null,
          null,
          1,
          null,
          null,
          1,
          null,
          null,
          1,
          null,
          null,
          null,
          null,
          null,
          null,
          null
        ]
      },
      "/home/teacher-droid/thp/clean/Immotep_API/config/initializers/cors.rb": {
        "lines": [
          null,
          null,
          null,
          null,
          null,
          null,
          null,
          1,
          1,
          1,
          null,
          null,
          1,
          null,
          null,
          null,
          null,
          null,
          null
        ]
      },
      "/home/teacher-droid/thp/clean/Immotep_API/config/initializers/devise.rb": {
        "lines": [
          null,
          null,
          null,
          null,
          null,
          null,
          null,
          null,
          null,
          null,
          1,
          null,
          null,
          null,
          null,
          null,
          null,
          1,
          1,
          1,
          null,
          null,
          1,
          null,
          null,
          null,
          null,
          null,
          null,
          null,
          null,
          1,
          null,
          null,
          null,
          null,
          null,
          null,
          null,
          null,
          null,
          null,
          null,
          1,
          null,
          null,
          null,
          null,
          null,
          null,
          null,
          null,
          null,
          null,
          null,
          null,
          null,
          null,
          null,
          null,
          null,
          null,
          null,
          null,
          null,
          1,
          null,
          null,
          null,
          null,
          1,
          null,
          null,
          null,
          null,
          null,
          null,
          null,
          null,
          null,
          null,
          null,
          null,
          null,
          null,
          null,
          null,
          null,
          null,
          null,
          null,
          null,
          null,
          null,
          null,
          null,
          null,
          null,
          null,
          null,
          null,
          null,
          null,
          null,
          1,
          null,
          null,
          null,
          null,
          null,
          null,
          null,
          null,
          null,
          null,
          null,
          null,
          null,
          null,
          null,
          null,
          null,
          null,
          null,
          null,
          null,
          null,
          null,
          null,
          null,
          1,
          null,
          null,
          null,
          null,
          null,
          null,
          null,
          null,
          null,
          null,
          null,
          null,
          null,
          null,
          null,
          null,
          null,
          null,
          null,
          null,
          null,
          null,
          null,
          null,
          null,
          null,
          null,
          null,
          null,
          null,
          null,
          null,
          null,
          1,
          null,
          null,
          null,
          null,
          null,
          null,
          null,
          null,
          null,
          1,
          null,
          null,
          null,
          null,
          null,
          null,
          null,
          null,
          null,
          null,
          1,
          null,
          null,
          null,
          null,
          1,
          null,
          null,
          null,
          null,
          null,
          null,
          null,
          null,
          null,
          null,
          null,
          null,
          null,
          null,
          null,
          null,
          null,
          null,
          null,
          null,
          null,
          null,
          null,
          null,
          null,
          null,
          null,
          null,
          null,
          null,
          null,
          null,
          null,
          null,
          null,
          null,
          null,
          null,
          null,
          null,
          1,
          null,
          null,
          null,
          null,
          null,
          null,
          null,
          null,
          null,
          null,
          null,
          null,
          null,
          null,
          null,
          null,
          null,
          null,
          null,
          null,
          null,
          null,
          null,
          null,
          null,
          null,
          null,
          null,
          null,
          null,
          null,
          null,
          null,
          null,
          null,
          null,
          null,
          null,
          null,
          null,
          null,
          1,
          null,
          null,
          null,
          null,
          null,
          null,
          null,
          null,
          null,
          null,
          null,
          null,
          null,
          null,
          null,
          null,
          null,
          null,
          null,
          null,
          null,
          null,
          null,
          null,
          null,
          null,
          null,
          null,
          null,
          null,
          null,
          null,
          null,
          null,
          null,
          null,
          null,
          null,
          null,
          null,
          null,
          null
        ]
      },
      "/home/teacher-droid/thp/clean/Immotep_API/config/initializers/filter_parameter_logging.rb": {
        "lines": [
          null,
          null,
          null,
          null,
          null,
          1,
          null,
          null
        ]
      },
      "/home/teacher-droid/thp/clean/Immotep_API/config/initializers/inflections.rb": {
        "lines": [
          null,
          null,
          null,
          null,
          null,
          null,
          null,
          null,
          null,
          null,
          null,
          null,
          null,
          null,
          null,
          null
        ]
      },
      "/home/teacher-droid/thp/clean/Immotep_API/spec/factories/housings.rb": {
        "lines": [
          1,
          1,
          20,
          20,
          20,
          16,
          null,
          null,
          null,
          null
        ]
      },
      "/home/teacher-droid/thp/clean/Immotep_API/spec/factories/projects.rb": {
        "lines": [
          1,
          1,
          16,
          13,
          null,
          null
        ]
      },
      "/home/teacher-droid/thp/clean/Immotep_API/spec/factories/users.rb": {
        "lines": [
          1,
          1,
          13,
          13,
          null,
          null
        ]
      },
      "/home/teacher-droid/thp/clean/Immotep_API/config/routes.rb": {
        "lines": [
          1,
          1,
          1,
          null,
          1,
          1,
          null,
          null,
          null,
          null,
          null,
          null,
          1,
          null,
          null,
          null,
          null,
          null
        ]
      },
      "/home/teacher-droid/thp/clean/Immotep_API/app/models/user.rb": {
        "lines": [
          1,
          1,
          1,
          null,
          null,
          1,
          null,
          null,
          null,
          null
        ]
      },
      "/home/teacher-droid/thp/clean/Immotep_API/app/models/application_record.rb": {
        "lines": [
          1,
          1,
          null
        ]
      },
      "/home/teacher-droid/thp/clean/Immotep_API/app/models/jwt_denylist.rb": {
        "lines": [
          1,
          1,
          1,
          null
        ]
      },
      "/home/teacher-droid/thp/clean/Immotep_API/app/helpers/housings_helper.rb": {
        "lines": [
          1,
          1,
          0,
          null,
          null,
          null,
          null,
          null,
          null,
          1,
          0,
          null,
          null,
          null,
          null,
          null,
          null,
          1,
          0,
          null,
          null,
          null,
          null,
          null,
          null,
          1,
          0,
          null,
          null,
          null,
          null,
          null,
          null,
          1,
          0,
          null,
          null,
          null,
          null,
          null,
          null,
          1,
          0,
          null,
          null,
          1,
          0,
          0,
          null,
          null,
          null,
          1,
          0,
          null,
          null,
          null,
          null,
          0,
          0,
          null,
          null,
          null,
          null,
          null,
          null,
          null,
          null,
          null,
          null,
          1,
          0,
          null,
          null,
          0,
          0,
          null,
          null,
          null,
          1,
          0,
          null,
          0,
          0,
          0,
          0,
          0,
          0,
          0,
          0,
          0,
          0,
          0,
          null,
          0,
          0,
          null,
          0,
          null,
          null,
          0,
          0,
          null,
          0,
          null,
          null,
          0,
          0,
          null,
          0,
          null,
          null,
          0,
          0,
          null,
          null,
          0,
          0,
          0,
          0,
          null,
          0,
          null,
          null,
          0,
          0,
          null,
          null
        ]
      },
      "/home/teacher-droid/thp/clean/Immotep_API/app/helpers/projects_helper.rb": {
        "lines": [
          1,
          1,
          0,
          null,
          null,
          null,
          null,
          null,
          null,
          1,
          0,
          null,
          null,
          null,
          null,
          null,
          null,
          1,
          0,
          null,
          null,
          null,
          null,
          null,
          null,
          1,
          0,
          0,
          null,
          null,
          null
        ]
      },
      "/home/teacher-droid/thp/clean/Immotep_API/app/models/housing.rb": {
        "lines": [
          1,
          1,
          1,
          null,
          1,
          1,
          1,
          null
        ]
      },
      "/home/teacher-droid/thp/clean/Immotep_API/spec/models/project_spec.rb": {
        "lines": [
          1,
          1,
          null,
          1,
          null,
          4,
          4,
          4,
          null,
          1,
          1,
          1,
          null,
          null,
          1,
          1,
          null,
          null,
          null,
          null,
          1,
          null,
          2,
          null,
          1,
          1,
          1,
          null,
          null,
          null,
          null
        ]
      },
      "/home/teacher-droid/thp/clean/Immotep_API/app/models/project.rb": {
        "lines": [
          1,
          1,
          3,
          null
        ]
      },
      "/home/teacher-droid/thp/clean/Immotep_API/spec/models/requests/projects_controller_spec.rb": {
        "lines": [
          1,
          null,
          null,
          null,
          null,
          null,
          null,
          null,
          null,
          null,
          null,
          null,
          null,
          null,
          1,
          1,
          1,
          1,
          null,
          null,
          1,
          1,
          1,
          0,
          0,
          null,
          1,
          1,
          0,
          null,
          null,
          null,
          null,
          null,
          null,
          null,
          null,
          null,
          null,
          null,
          null,
          null,
          null,
          null,
          null,
          null,
          null,
          null,
          null,
          null,
          null,
          null,
          null,
          null,
          null,
          null,
          null,
          null,
          null,
          null,
          null,
          null,
          null,
          null,
          null,
          null,
          null,
          null,
          null,
          null,
          null
        ]
      },
      "/home/teacher-droid/thp/clean/Immotep_API/app/controllers/projects_controller.rb": {
        "lines": [
          1,
          1,
          1,
          null,
          1,
          1,
          null,
          null,
          1,
          0,
          null,
          0,
          null,
          null,
          null,
          1,
          0,
          null,
          0,
          null,
          null,
          null,
          1,
          0,
          null,
          0,
          null,
          0,
          0,
          null,
          0,
          null,
          null,
          null,
          null,
          1,
          0,
          null,
          0,
          0,
          null,
          0,
          null,
          null,
          null,
          null,
          1,
          0,
          null,
          0,
          null,
          null,
          1,
          null,
          1,
          0,
          null,
          null,
          null,
          1,
          0,
          null,
          null
        ]
      },
      "/home/teacher-droid/thp/clean/Immotep_API/app/controllers/application_controller.rb": {
        "lines": [
          1,
          null
        ]
      },
      "/home/teacher-droid/thp/clean/Immotep_API/spec/models/user_spec.rb": {
        "lines": [
          1,
          1,
          null,
          1,
          null,
          1,
          1,
          2,
          2,
          null,
          null,
          1,
          1,
          1,
          1,
          null,
          null,
          null,
          1,
          2,
          1,
          1,
          1,
          null,
          null,
          null,
          null,
          null
        ]
      }
    },
    "timestamp": 1661461538
  }
}
